HHC5010: Error: Cannot open "d:\Work\Projects\Active\NeuroLaboratory\Documentation\Data Processing\Chm\Data Processing SDK Documentation.chm". Compilation stopped.
Microsoft HTML Help Compiler 4.74.8702

Compiling d:\Work\Projects\Active\NeuroLaboratory\Documentation\Data Processing\Chm\Data Processing SDK Documentation.chm

HHC5013: Error: URL reference in the TOC cannot be resolved: "..\htm\Introduction.htm".


The following files were not compiled:
Microsoft HTML Help Compiler 4.74.8702

Compiling d:\Work\Projects\Active\NeuroLaboratory\Documentation\Data Processing\Chm\Data Processing SDK Documentation.chm

HHC5013: Error: URL reference in the TOC cannot be resolved: "..\htm\Introduction.htm".


The following files were not compiled:
Microsoft HTML Help Compiler 4.74.8702

Compiling d:\Work\Projects\Active\NeuroLaboratory\Documentation\Data Processing\Chm\Data Processing SDK Documentation.chm

HHC5013: Error: URL reference in the TOC cannot be resolved: "..\htm\Introduction.htm".


The following files were not compiled:
Microsoft HTML Help Compiler 4.74.8702

Compiling d:\Work\Projects\Active\NeuroLaboratory\Documentation\Data Processing\Chm\Data Processing SDK Documentation.chm


Compile time: 0 minutes, 1 second
19	Topics
71	Local links
18	Internet links
13	Graphics


Created d:\Work\Projects\Active\NeuroLaboratory\Documentation\Data Processing\Chm\Data Processing SDK Documentation.chm, 69,790 bytes
Compression decreased file by 54,524 bytes.
Microsoft HTML Help Compiler 4.74.8702

Compiling d:\Work\Projects\Active\NeuroLaboratory\Documentation\Data Processing\Chm\Data Processing SDK Documentation.chm


Compile time: 0 minutes, 1 second
19	Topics
72	Local links
18	Internet links
13	Graphics


Created d:\Work\Projects\Active\NeuroLaboratory\Documentation\Data Processing\Chm\Data Processing SDK Documentation.chm, 69,796 bytes
Compression decreased file by 54,690 bytes.
Microsoft HTML Help Compiler 4.74.8702

Compiling d:\Work\Projects\Active\NeuroLaboratory\Documentation\Data Processing\Chm\Data Processing SDK Documentation.chm


Compile time: 0 minutes, 1 second
19	Topics
73	Local links
18	Internet links
13	Graphics


Created d:\Work\Projects\Active\NeuroLaboratory\Documentation\Data Processing\Chm\Data Processing SDK Documentation.chm, 70,112 bytes
Compression decreased file by 54,583 bytes.
Microsoft HTML Help Compiler 4.74.8702

Compiling d:\Work\Projects\Active\NeuroLaboratory\Documentation\Data Processing\Chm\Data Processing SDK Documentation.chm


Compile time: 0 minutes, 1 second
19	Topics
88	Local links
18	Internet links
13	Graphics


Created d:\Work\Projects\Active\NeuroLaboratory\Documentation\Data Processing\Chm\Data Processing SDK Documentation.chm, 70,520 bytes
Compression decreased file by 56,783 bytes.
Microsoft HTML Help Compiler 4.74.8702

Compiling d:\Work\Projects\Active\NeuroLaboratory\Documentation\Data Processing\Chm\Data Processing SDK Documentation.chm


Compile time: 0 minutes, 1 second
19	Topics
88	Local links
18	Internet links
13	Graphics


Created d:\Work\Projects\Active\NeuroLaboratory\Documentation\Data Processing\Chm\Data Processing SDK Documentation.chm, 70,518 bytes
Compression decreased file by 56,869 bytes.
Microsoft HTML Help Compiler 4.74.8702

Compiling d:\Work\Projects\Active\NeuroLaboratory\Documentation\Data Processing\Chm\Data Processing SDK Documentation.chm


Compile time: 0 minutes, 1 second
19	Topics
88	Local links
18	Internet links
13	Graphics


Created d:\Work\Projects\Active\NeuroLaboratory\Documentation\Data Processing\Chm\Data Processing SDK Documentation.chm, 70,518 bytes
Compression decreased file by 56,869 bytes.
Microsoft HTML Help Compiler 4.74.8702

Compiling d:\Work\Projects\Active\NeuroLaboratory\Documentation\Data Processing\Chm\Data Processing SDK Documentation.chm


Compile time: 0 minutes, 1 second
19	Topics
88	Local links
18	Internet links
13	Graphics


Created d:\Work\Projects\Active\NeuroLaboratory\Documentation\Data Processing\Chm\Data Processing SDK Documentation.chm, 70,512 bytes
Compression decreased file by 56,842 bytes.
